<?xml version="1.0" encoding="UTF-8"?>
<testng-results ignored="0" total="1" passed="1" failed="0" skipped="0">
  <reporter-output>
  </reporter-output>
  <suite started-at="2021-08-16T08:35:15Z" name="REST Assured Test" finished-at="2021-08-16T08:35:16Z" duration-ms="1042">
    <groups>
    </groups>
    <test started-at="2021-08-16T08:35:15Z" name="API Test" finished-at="2021-08-16T08:35:16Z" duration-ms="1042">
      <class name="api.test.HTTPSimpleTest">
        <test-method is-config="true" signature="setUp()[pri:0, instance:api.test.HTTPSimpleTest@409c54f]" started-at="2021-08-16T08:35:15Z" name="setUp" finished-at="2021-08-16T08:35:15Z" duration-ms="12" status="PASS">
          <reporter-output>
          </reporter-output>
        </test-method> <!-- setUp -->
        <test-method signature="testGetCall()[pri:0, instance:api.test.HTTPSimpleTest@409c54f]" started-at="2021-08-16T08:35:15Z" name="testGetCall" finished-at="2021-08-16T08:35:16Z" duration-ms="954" status="PASS">
          <reporter-output>
          </reporter-output>
        </test-method> <!-- testGetCall -->
      </class> <!-- api.test.HTTPSimpleTest -->
    </test> <!-- API Test -->
  </suite> <!-- REST Assured Test -->
</testng-results>
